<?xml version="1.0" encoding="UTF-8"?>
<!-- Generated by org.testng.reporters.JUnitXMLReporter -->
<testsuite ignored="2" hostname="DESKTOP-GCDOOGE" failures="0" tests="2" name="Login Tests with different data sources" time="18.647" errors="0" timestamp="05 Oct 2023 17:16:09 GMT">
  <testcase classname="Tests.LoginTest" name="loginPositive" time="4.85"/>
  <testcase classname="Tests.LoginTest" name="testHomePageTitle" time="2.199"/>
  <testcase classname="Tests.LoginTest" name="loginNegativeDataProvider2" time="0.0">
    <ignored/>
  </testcase> <!-- loginNegativeDataProvider2 -->
  <testcase classname="Tests.LoginTest" name="loginNegativeDataProvider1" time="0.0">
    <ignored/>
  </testcase> <!-- loginNegativeDataProvider1 -->
</testsuite> <!-- Login Tests with different data sources -->
