<?xml version="1.0" encoding="UTF-8"?>
<!-- Generated by org.testng.reporters.JUnitXMLReporter -->
<testsuite ignored="5" hostname="DESKTOP-GCDOOGE" failures="0" tests="5" name="Positive Tests" time="46.888" errors="0" timestamp="05 Oct 2023 17:31:34 GMT">
  <testcase classname="Tests.LoginTest" name="loginPositive" time="4.774"/>
  <testcase classname="Tests.LoginTest" name="testHomePageTitle" time="1.942"/>
  <testcase classname="Tests.ActionsTest" name="clickFirstDropDownOption" time="6.02"/>
  <testcase classname="Tests.ActionsTest" name="hoverTest" time="3.784"/>
  <testcase classname="Tests.RegistrationTest" name="registerPositive" time="9.583"/>
  <testcase classname="Tests.LoginTest" name="loginNegativeDataProvider2" time="0.0">
    <ignored/>
  </testcase> <!-- loginNegativeDataProvider2 -->
  <testcase classname="Tests.RegistrationTest" name="registerWithoutDataProcessing" time="0.0">
    <ignored/>
  </testcase> <!-- registerWithoutDataProcessing -->
  <testcase classname="Tests.RegistrationTest" name="registerNegativeExistingUser" time="0.0">
    <ignored/>
  </testcase> <!-- registerNegativeExistingUser -->
  <testcase classname="Tests.RegistrationTest" name="registerNegativeUserPassConfirm" time="0.0">
    <ignored/>
  </testcase> <!-- registerNegativeUserPassConfirm -->
  <testcase classname="Tests.LoginTest" name="loginNegativeDataProvider1" time="0.0">
    <ignored/>
  </testcase> <!-- loginNegativeDataProvider1 -->
</testsuite> <!-- Positive Tests -->
