<?xml version="1.0" encoding="UTF-8"?>
<!-- Generated by org.testng.reporters.JUnitXMLReporter -->
<testsuite ignored="3" hostname="DESKTOP-GCDOOGE" failures="0" tests="1" name="Registration Tests with different data sources" time="17.209" errors="0" timestamp="04 Oct 2023 17:22:00 GMT">
  <testcase classname="Tests.RegistrationTest" name="registerPositive" time="10.477"/>
  <testcase classname="Tests.RegistrationTest" name="registerWithoutDataProcessing" time="0.0">
    <ignored/>
  </testcase> <!-- registerWithoutDataProcessing -->
  <testcase classname="Tests.RegistrationTest" name="registerNegativeExistingUser" time="0.0">
    <ignored/>
  </testcase> <!-- registerNegativeExistingUser -->
  <testcase classname="Tests.RegistrationTest" name="registerNegativeUserPassConfirm" time="0.0">
    <ignored/>
  </testcase> <!-- registerNegativeUserPassConfirm -->
</testsuite> <!-- Registration Tests with different data sources -->
