<?xml version="1.0" encoding="UTF-8"?>
<testng-results ignored="5" total="10" passed="5" failed="0" skipped="0">
  <reporter-output>
  </reporter-output>
  <suite started-at="2023-10-05T17:30:47Z" name="Smoke Tests" finished-at="2023-10-05T17:31:34Z" duration-ms="46888">
    <groups>
    </groups>
    <test started-at="2023-10-05T17:30:47Z" name="Positive Tests" finished-at="2023-10-05T17:31:34Z" duration-ms="46888">
      <class name="Tests.RegistrationTest">
        <test-method is-config="true" signature="setUp()[pri:0, instance:Tests.RegistrationTest@5b367418]" started-at="2023-10-05T17:31:21Z" name="setUp" finished-at="2023-10-05T17:31:21Z" duration-ms="5" status="PASS">
          <reporter-output>
          </reporter-output>
        </test-method> <!-- setUp -->
        <test-method is-config="true" signature="startBrowser()[pri:0, instance:Tests.RegistrationTest@5b367418]" started-at="2023-10-05T17:31:21Z" name="startBrowser" finished-at="2023-10-05T17:31:24Z" duration-ms="3158" status="PASS">
          <reporter-output>
          </reporter-output>
        </test-method> <!-- startBrowser -->
        <test-method signature="registerPositive(java.lang.String, java.lang.String, java.lang.String, java.lang.String)[pri:0, instance:Tests.RegistrationTest@5b367418]" started-at="2023-10-05T17:31:24Z" name="registerPositive" data-provider="registerPositive" finished-at="2023-10-05T17:31:34Z" duration-ms="9583" status="PASS">
          <params>
            <param index="0">
              <value>
                <![CDATA[chrome]]>
              </value>
            </param>
            <param index="1">
              <value>
                <![CDATA[larisa.branzan@gcxcvcxvxcvfdddxvxasjjhashnhgvxmail.com]]>
              </value>
            </param>
            <param index="2">
              <value>
                <![CDATA[Exchange15!!!!]]>
              </value>
            </param>
            <param index="3">
              <value>
                <![CDATA[Bine ai venit în pagina contului tău]]>
              </value>
            </param>
          </params>
          <reporter-output>
          </reporter-output>
        </test-method> <!-- registerPositive -->
        <test-method is-config="true" signature="cleanUp()[pri:0, instance:Tests.RegistrationTest@5b367418]" started-at="2023-10-05T17:31:34Z" name="cleanUp" finished-at="2023-10-05T17:31:34Z" duration-ms="308" status="PASS">
          <reporter-output>
          </reporter-output>
        </test-method> <!-- cleanUp -->
      </class> <!-- Tests.RegistrationTest -->
      <class name="Tests.ActionsTest">
        <test-method is-config="true" signature="setUp()[pri:0, instance:Tests.ActionsTest@1583741e]" started-at="2023-10-05T17:31:04Z" name="setUp" finished-at="2023-10-05T17:31:04Z" duration-ms="5" status="PASS">
          <reporter-output>
          </reporter-output>
        </test-method> <!-- setUp -->
        <test-method is-config="true" signature="startBrowser()[pri:0, instance:Tests.ActionsTest@1583741e]" started-at="2023-10-05T17:31:04Z" name="startBrowser" finished-at="2023-10-05T17:31:07Z" duration-ms="3290" status="PASS">
          <reporter-output>
          </reporter-output>
        </test-method> <!-- startBrowser -->
        <test-method signature="clickFirstDropDownOption(java.lang.String, java.lang.String)[pri:0, instance:Tests.ActionsTest@1583741e]" started-at="2023-10-05T17:31:07Z" name="clickFirstDropDownOption" data-provider="clickFirstDropDownOption" finished-at="2023-10-05T17:31:13Z" duration-ms="6020" status="PASS">
          <params>
            <param index="0">
              <value>
                <![CDATA[chrome]]>
              </value>
            </param>
            <param index="1">
              <value>
                <![CDATA[AquaPlay BoatSet set vehicule, 7 piese]]>
              </value>
            </param>
          </params>
          <reporter-output>
          </reporter-output>
        </test-method> <!-- clickFirstDropDownOption -->
        <test-method is-config="true" signature="cleanUp()[pri:0, instance:Tests.ActionsTest@1583741e]" started-at="2023-10-05T17:31:13Z" name="cleanUp" finished-at="2023-10-05T17:31:13Z" duration-ms="254" status="PASS">
          <reporter-output>
          </reporter-output>
        </test-method> <!-- cleanUp -->
        <test-method is-config="true" signature="startBrowser()[pri:0, instance:Tests.ActionsTest@1583741e]" started-at="2023-10-05T17:31:13Z" name="startBrowser" finished-at="2023-10-05T17:31:17Z" duration-ms="3720" status="PASS">
          <reporter-output>
          </reporter-output>
        </test-method> <!-- startBrowser -->
        <test-method signature="hoverTest()[pri:0, instance:Tests.ActionsTest@1583741e]" started-at="2023-10-05T17:31:17Z" name="hoverTest" finished-at="2023-10-05T17:31:21Z" duration-ms="3784" status="PASS">
          <reporter-output>
          </reporter-output>
        </test-method> <!-- hoverTest -->
        <test-method is-config="true" signature="cleanUp()[pri:0, instance:Tests.ActionsTest@1583741e]" started-at="2023-10-05T17:31:21Z" name="cleanUp" finished-at="2023-10-05T17:31:21Z" duration-ms="309" status="PASS">
          <reporter-output>
          </reporter-output>
        </test-method> <!-- cleanUp -->
      </class> <!-- Tests.ActionsTest -->
      <class name="Tests.LoginTest">
        <test-method is-config="true" signature="setUp()[pri:0, instance:Tests.LoginTest@3697186]" started-at="2023-10-05T17:30:47Z" name="setUp" finished-at="2023-10-05T17:30:47Z" duration-ms="22" status="PASS">
          <reporter-output>
          </reporter-output>
        </test-method> <!-- setUp -->
        <test-method is-config="true" signature="startBrowser()[pri:0, instance:Tests.LoginTest@3697186]" started-at="2023-10-05T17:30:47Z" name="startBrowser" finished-at="2023-10-05T17:30:53Z" duration-ms="5375" status="PASS">
          <reporter-output>
          </reporter-output>
        </test-method> <!-- startBrowser -->
        <test-method signature="loginPositive(java.lang.String, java.lang.String, java.lang.String)[pri:0, instance:Tests.LoginTest@3697186]" started-at="2023-10-05T17:30:53Z" name="loginPositive" data-provider="loginPDp" finished-at="2023-10-05T17:30:57Z" duration-ms="4774" status="PASS">
          <params>
            <param index="0">
              <value>
                <![CDATA[larisa.branzan@gmail.com]]>
              </value>
            </param>
            <param index="1">
              <value>
                <![CDATA[Exchange15!!!!]]>
              </value>
            </param>
            <param index="2">
              <value>
                <![CDATA[chrome]]>
              </value>
            </param>
          </params>
          <reporter-output>
          </reporter-output>
        </test-method> <!-- loginPositive -->
        <test-method is-config="true" signature="cleanUp()[pri:0, instance:Tests.LoginTest@3697186]" started-at="2023-10-05T17:30:57Z" name="cleanUp" finished-at="2023-10-05T17:30:58Z" duration-ms="320" status="PASS">
          <reporter-output>
          </reporter-output>
        </test-method> <!-- cleanUp -->
        <test-method is-config="true" signature="startBrowser()[pri:0, instance:Tests.LoginTest@3697186]" started-at="2023-10-05T17:30:58Z" name="startBrowser" finished-at="2023-10-05T17:31:01Z" duration-ms="3684" status="PASS">
          <reporter-output>
          </reporter-output>
        </test-method> <!-- startBrowser -->
        <test-method signature="testHomePageTitle()[pri:0, instance:Tests.LoginTest@3697186]" started-at="2023-10-05T17:31:01Z" name="testHomePageTitle" finished-at="2023-10-05T17:31:03Z" duration-ms="1942" status="PASS">
          <reporter-output>
          </reporter-output>
        </test-method> <!-- testHomePageTitle -->
        <test-method is-config="true" signature="cleanUp()[pri:0, instance:Tests.LoginTest@3697186]" started-at="2023-10-05T17:31:03Z" name="cleanUp" finished-at="2023-10-05T17:31:04Z" duration-ms="294" status="PASS">
          <reporter-output>
          </reporter-output>
        </test-method> <!-- cleanUp -->
      </class> <!-- Tests.LoginTest -->
    </test> <!-- Positive Tests -->
  </suite> <!-- Smoke Tests -->
</testng-results>
